[debug] [2019-11-18T20:32:29.592Z] ----------------------------------------------------------------------
[debug] [2019-11-18T20:32:29.594Z] Command:       F:\Program Files\nodejs\node.exe C:\Users\admin\AppData\Roaming\npm\node_modules\firebase-tools\lib\bin\firebase.js emulators:start --only functions
[debug] [2019-11-18T20:32:29.594Z] CLI Version:   7.7.0
[debug] [2019-11-18T20:32:29.594Z] Platform:      win32
[debug] [2019-11-18T20:32:29.594Z] Node Version:  v10.16.3
[debug] [2019-11-18T20:32:29.595Z] Time:          Mon Nov 18 2019 21:32:29 GMT+0100 (GMT+01:00)
[debug] [2019-11-18T20:32:29.596Z] ----------------------------------------------------------------------
[debug] [2019-11-18T20:32:29.596Z] 
[info] i  Starting emulators: ["functions"]
[info] +  functions: Using node@10 from host.
[info] +  functions: Emulator started at http://localhost:5001
[info] i  functions: Watching "F:\Programy\PD\praca-inzynierska-angular\functions" for Cloud Functions...
[debug] [2019-11-18T20:32:31.175Z] [worker-~diagnostic~-a27c2854-a111-4bf9-aac7-7c613bac8249]: BUSY
[debug] [2019-11-18T20:32:31.551Z] [runtime-status] Functions runtime initialized. {"cwd":"F:\\Programy\\PD\\praca-inzynierska-angular\\functions","node_version":"10.16.3"}
[debug] [2019-11-18T20:32:31.552Z] [runtime-status] Disabled runtime features: undefined {}
[debug] [2019-11-18T20:32:31.554Z] [runtime-status] Resolved module firebase-admin {"declared":true,"installed":true,"version":"8.7.0","resolution":"F:\\Programy\\PD\\praca-inzynierska-angular\\functions\\node_modules\\firebase-admin\\lib\\index.js"}
[debug] [2019-11-18T20:32:31.556Z] [runtime-status] Resolved module firebase-functions {"declared":true,"installed":true,"version":"3.3.0","resolution":"F:\\Programy\\PD\\praca-inzynierska-angular\\functions\\node_modules\\firebase-functions\\lib\\index.js"}
[debug] [2019-11-18T20:32:31.778Z] [runtime-status] Found google-gax at F:\Programy\PD\praca-inzynierska-angular\functions\node_modules\google-gax\build\src\index.js {}
[debug] [2019-11-18T20:32:31.778Z] [runtime-status] Outgoing network have been stubbed. [{"name":"http","status":"mocked"},{"name":"http","status":"mocked"},{"name":"https","status":"mocked"},{"name":"https","status":"mocked"},{"name":"net","status":"mocked"},{"name":"google-gax","status":"mocked"}]
[debug] [2019-11-18T20:32:31.815Z] [runtime-status] Checked functions.config() {"config":{}}
[debug] [2019-11-18T20:32:31.815Z] [runtime-status] Resolved module firebase-functions {"declared":true,"installed":true,"version":"3.3.0","resolution":"F:\\Programy\\PD\\praca-inzynierska-angular\\functions\\node_modules\\firebase-functions\\lib\\index.js"}
[debug] [2019-11-18T20:32:31.816Z] [runtime-status] Resolved module firebase-admin {"declared":true,"installed":true,"version":"8.7.0","resolution":"F:\\Programy\\PD\\praca-inzynierska-angular\\functions\\node_modules\\firebase-admin\\lib\\index.js"}
[debug] [2019-11-18T20:32:31.817Z] [runtime-status] Resolved module firebase-functions {"declared":true,"installed":true,"version":"3.3.0","resolution":"F:\\Programy\\PD\\praca-inzynierska-angular\\functions\\node_modules\\firebase-functions\\lib\\index.js"}
[debug] [2019-11-18T20:32:31.851Z] [runtime-status] firebase-admin has been stubbed. {"adminResolution":{"declared":true,"installed":true,"version":"8.7.0","resolution":"F:\\Programy\\PD\\praca-inzynierska-angular\\functions\\node_modules\\firebase-admin\\lib\\index.js"}}
[debug] [2019-11-18T20:32:31.885Z] [runtime-status] config() parent accessed! {"parentKey":"firebase","parentConfig":{}}
[debug] [2019-11-18T20:32:31.885Z] [runtime-status] initializeApp(DEFAULT) {"databaseURL":"https://praca-inzynierska-firebase.firebaseio.com","storageBucket":"praca-inzynierska-firebase.appspot.com","projectId":"praca-inzynierska-firebase"}
[info] +  functions[testMessage]: http function initialized (http://localhost:5001/praca-inzynierska-firebase/us-central1/testMessage).
[info] +  functions[sendEmailHttp]: http function initialized (http://localhost:5001/praca-inzynierska-firebase/us-central1/sendEmailHttp).
[info] +  functions[readDatabse]: http function initialized (http://localhost:5001/praca-inzynierska-firebase/us-central1/readDatabse).
[info] +  All emulators started, it is now safe to connect.
[debug] [2019-11-18T20:32:31.954Z] [worker-~diagnostic~-a27c2854-a111-4bf9-aac7-7c613bac8249]: exited
[debug] [2019-11-18T20:32:31.954Z] [worker-~diagnostic~-a27c2854-a111-4bf9-aac7-7c613bac8249]: FINISHED
[debug] [2019-11-18T20:32:35.057Z] Accepted request GET /praca-inzynierska-firebase/us-central1/sendEmailHttp --> sendEmailHttp
[debug] [2019-11-18T20:32:35.065Z] [worker-sendEmailHttp-ec4041c7-ebf7-4669-b361-db22687f8f28]: BUSY
[debug] [2019-11-18T20:32:35.440Z] [runtime-status] Functions runtime initialized. {"cwd":"F:\\Programy\\PD\\praca-inzynierska-angular\\functions","node_version":"10.16.3"}
[debug] [2019-11-18T20:32:35.441Z] [runtime-status] Disabled runtime features: undefined {}
[debug] [2019-11-18T20:32:35.444Z] [runtime-status] Resolved module firebase-admin {"declared":true,"installed":true,"version":"8.7.0","resolution":"F:\\Programy\\PD\\praca-inzynierska-angular\\functions\\node_modules\\firebase-admin\\lib\\index.js"}
[debug] [2019-11-18T20:32:35.445Z] [runtime-status] Resolved module firebase-functions {"declared":true,"installed":true,"version":"3.3.0","resolution":"F:\\Programy\\PD\\praca-inzynierska-angular\\functions\\node_modules\\firebase-functions\\lib\\index.js"}
[debug] [2019-11-18T20:32:35.669Z] [runtime-status] Found google-gax at F:\Programy\PD\praca-inzynierska-angular\functions\node_modules\google-gax\build\src\index.js {}
[debug] [2019-11-18T20:32:35.669Z] [runtime-status] Outgoing network have been stubbed. [{"name":"http","status":"mocked"},{"name":"http","status":"mocked"},{"name":"https","status":"mocked"},{"name":"https","status":"mocked"},{"name":"net","status":"mocked"},{"name":"google-gax","status":"mocked"}]
[debug] [2019-11-18T20:32:35.705Z] [runtime-status] Checked functions.config() {"config":{}}
[debug] [2019-11-18T20:32:35.706Z] [runtime-status] Resolved module firebase-functions {"declared":true,"installed":true,"version":"3.3.0","resolution":"F:\\Programy\\PD\\praca-inzynierska-angular\\functions\\node_modules\\firebase-functions\\lib\\index.js"}
[debug] [2019-11-18T20:32:35.707Z] [runtime-status] Resolved module firebase-admin {"declared":true,"installed":true,"version":"8.7.0","resolution":"F:\\Programy\\PD\\praca-inzynierska-angular\\functions\\node_modules\\firebase-admin\\lib\\index.js"}
[debug] [2019-11-18T20:32:35.707Z] [runtime-status] Resolved module firebase-functions {"declared":true,"installed":true,"version":"3.3.0","resolution":"F:\\Programy\\PD\\praca-inzynierska-angular\\functions\\node_modules\\firebase-functions\\lib\\index.js"}
[debug] [2019-11-18T20:32:35.742Z] [runtime-status] firebase-admin has been stubbed. {"adminResolution":{"declared":true,"installed":true,"version":"8.7.0","resolution":"F:\\Programy\\PD\\praca-inzynierska-angular\\functions\\node_modules\\firebase-admin\\lib\\index.js"}}
[debug] [2019-11-18T20:32:35.776Z] [runtime-status] config() parent accessed! {"parentKey":"firebase","parentConfig":{}}
[debug] [2019-11-18T20:32:35.777Z] [runtime-status] initializeApp(DEFAULT) {"databaseURL":"https://praca-inzynierska-firebase.firebaseio.com","storageBucket":"praca-inzynierska-firebase.appspot.com","projectId":"praca-inzynierska-firebase"}
[debug] [2019-11-18T20:32:35.823Z] [runtime-status] Trigger "sendEmailHttp" has been found, beginning invocation! {}
[info] i  functions: Beginning execution of "sendEmailHttp"
[debug] [2019-11-18T20:32:35.824Z] [runtime-status]  {"httpsTrigger":{},"name":"sendEmailHttp","entryPoint":"sendEmailHttp"}
[debug] [2019-11-18T20:32:35.824Z] [runtime-status] Running sendEmailHttp in mode HTTPS {}
[debug] [2019-11-18T20:32:35.830Z] {"socketPath":"\\\\?\\pipe\\F:\\Programy\\PD\\praca-inzynierska-angular\\functions\\17512"}
[debug] [2019-11-18T20:32:35.830Z] [functions] Runtime ready! Sending request! {"socketPath":"\\\\?\\pipe\\F:\\Programy\\PD\\praca-inzynierska-angular\\functions\\17512"}
[debug] [2019-11-18T20:32:35.836Z] [runtime-status] Ephemeral server used! {}
[info] >  Credentials obtained, sending message...
[info] >  Message sent: %s <131815d2-22d9-fe5a-0e8c-f6c809fb0160@example.com>
[info] >  Preview URL: %s https://ethereal.email/message/XdL.5Io5dlrp7TX1XdL.76LIxlsijcakAAAAAXv41PYbEiGKqnX2wizHBQs
[debug] [2019-11-18T20:32:47.421Z] [runtime-status] Ephemeral server survived. {}
[info] i  functions: Finished "sendEmailHttp" in ~11s
[debug] [2019-11-18T20:32:47.425Z] [worker-sendEmailHttp-ec4041c7-ebf7-4669-b361-db22687f8f28]: IDLE
